[25-Aug-2022 16:55:26 UTC] PHP Parse error:  syntax error, unexpected end of file in C:\Users\ZAAFANE\Local Sites\monsitewp\app\public\wp-content\themes\monSiteWP\home.php on line 23
[25-Aug-2022 16:56:17 UTC] PHP Parse error:  syntax error, unexpected end of file in C:\Users\ZAAFANE\Local Sites\monsitewp\app\public\wp-content\themes\monSiteWP\home.php on line 23
[25-Aug-2022 16:56:25 UTC] PHP Parse error:  syntax error, unexpected end of file in C:\Users\ZAAFANE\Local Sites\monsitewp\app\public\wp-content\themes\monSiteWP\home.php on line 23
[28-Aug-2022 07:46:17 UTC] PHP Parse error:  syntax error, unexpected '<', expecting end of file in C:\Users\ZAAFANE\Local Sites\monsitewp\app\public\wp-content\themes\monSiteWP\functions.php on line 8
[28-Aug-2022 07:53:29 UTC] PHP Warning:  require_once(C:\Users\ZAAFANE\Local Sites\monsitewp\app\public/wp-content/themes/monSiteWP/inc/config.php): failed to open stream: No such file or directory in C:\Users\ZAAFANE\Local Sites\monsitewp\app\public\wp-content\themes\monSiteWP\functions.php on line 10
[28-Aug-2022 07:53:29 UTC] PHP Stack trace:
[28-Aug-2022 07:53:29 UTC] PHP   1. {main}() C:\Users\ZAAFANE\Local Sites\monsitewp\app\public\index.php:0
[28-Aug-2022 07:53:29 UTC] PHP   2. require() C:\Users\ZAAFANE\Local Sites\monsitewp\app\public\index.php:17
[28-Aug-2022 07:53:29 UTC] PHP   3. require_once() C:\Users\ZAAFANE\Local Sites\monsitewp\app\public\wp-blog-header.php:13
[28-Aug-2022 07:53:29 UTC] PHP   4. require_once() C:\Users\ZAAFANE\Local Sites\monsitewp\app\public\wp-load.php:50
[28-Aug-2022 07:53:29 UTC] PHP   5. require_once() C:\Users\ZAAFANE\Local Sites\monsitewp\app\public\wp-config.php:91
[28-Aug-2022 07:53:29 UTC] PHP   6. include() C:\Users\ZAAFANE\Local Sites\monsitewp\app\public\wp-settings.php:566
[28-Aug-2022 07:53:29 UTC] PHP Fatal error:  require_once(): Failed opening required 'C:\Users\ZAAFANE\Local Sites\monsitewp\app\public/wp-content/themes/monSiteWP/inc/config.php' (include_path='.:/usr/share/php:/www/wp-content/pear') in C:\Users\ZAAFANE\Local Sites\monsitewp\app\public\wp-content\themes\monSiteWP\functions.php on line 10
[28-Aug-2022 07:53:29 UTC] PHP Stack trace:
[28-Aug-2022 07:53:29 UTC] PHP   1. {main}() C:\Users\ZAAFANE\Local Sites\monsitewp\app\public\index.php:0
[28-Aug-2022 07:53:29 UTC] PHP   2. require() C:\Users\ZAAFANE\Local Sites\monsitewp\app\public\index.php:17
[28-Aug-2022 07:53:29 UTC] PHP   3. require_once() C:\Users\ZAAFANE\Local Sites\monsitewp\app\public\wp-blog-header.php:13
[28-Aug-2022 07:53:29 UTC] PHP   4. require_once() C:\Users\ZAAFANE\Local Sites\monsitewp\app\public\wp-load.php:50
[28-Aug-2022 07:53:29 UTC] PHP   5. require_once() C:\Users\ZAAFANE\Local Sites\monsitewp\app\public\wp-config.php:91
[28-Aug-2022 07:53:29 UTC] PHP   6. include() C:\Users\ZAAFANE\Local Sites\monsitewp\app\public\wp-settings.php:566
[28-Aug-2022 07:53:29 UTC] PHP Warning:  require_once(C:\Users\ZAAFANE\Local Sites\monsitewp\app\public/wp-content/themes/monSiteWP/inc/config.php): failed to open stream: No such file or directory in C:\Users\ZAAFANE\Local Sites\monsitewp\app\public\wp-content\themes\monSiteWP\functions.php on line 10
[28-Aug-2022 07:53:29 UTC] PHP Stack trace:
[28-Aug-2022 07:53:29 UTC] PHP   1. {main}() C:\Users\ZAAFANE\Local Sites\monsitewp\app\public\index.php:0
[28-Aug-2022 07:53:29 UTC] PHP   2. require() C:\Users\ZAAFANE\Local Sites\monsitewp\app\public\index.php:17
[28-Aug-2022 07:53:29 UTC] PHP   3. require_once() C:\Users\ZAAFANE\Local Sites\monsitewp\app\public\wp-blog-header.php:13
[28-Aug-2022 07:53:29 UTC] PHP   4. require_once() C:\Users\ZAAFANE\Local Sites\monsitewp\app\public\wp-load.php:50
[28-Aug-2022 07:53:29 UTC] PHP   5. require_once() C:\Users\ZAAFANE\Local Sites\monsitewp\app\public\wp-config.php:91
[28-Aug-2022 07:53:29 UTC] PHP   6. include() C:\Users\ZAAFANE\Local Sites\monsitewp\app\public\wp-settings.php:566
[28-Aug-2022 07:53:29 UTC] PHP Fatal error:  require_once(): Failed opening required 'C:\Users\ZAAFANE\Local Sites\monsitewp\app\public/wp-content/themes/monSiteWP/inc/config.php' (include_path='.:/usr/share/php:/www/wp-content/pear') in C:\Users\ZAAFANE\Local Sites\monsitewp\app\public\wp-content\themes\monSiteWP\functions.php on line 10
[28-Aug-2022 07:53:29 UTC] PHP Stack trace:
[28-Aug-2022 07:53:29 UTC] PHP   1. {main}() C:\Users\ZAAFANE\Local Sites\monsitewp\app\public\index.php:0
[28-Aug-2022 07:53:29 UTC] PHP   2. require() C:\Users\ZAAFANE\Local Sites\monsitewp\app\public\index.php:17
[28-Aug-2022 07:53:29 UTC] PHP   3. require_once() C:\Users\ZAAFANE\Local Sites\monsitewp\app\public\wp-blog-header.php:13
[28-Aug-2022 07:53:29 UTC] PHP   4. require_once() C:\Users\ZAAFANE\Local Sites\monsitewp\app\public\wp-load.php:50
[28-Aug-2022 07:53:29 UTC] PHP   5. require_once() C:\Users\ZAAFANE\Local Sites\monsitewp\app\public\wp-config.php:91
[28-Aug-2022 07:53:29 UTC] PHP   6. include() C:\Users\ZAAFANE\Local Sites\monsitewp\app\public\wp-settings.php:566
[28-Aug-2022 07:55:12 UTC] PHP Warning:  require_once(C:\Users\ZAAFANE\Local Sites\monsitewp\app\public/wp-content/themes/monSiteWP/inc/config.php): failed to open stream: No such file or directory in C:\Users\ZAAFANE\Local Sites\monsitewp\app\public\wp-content\themes\monSiteWP\functions.php on line 10
[28-Aug-2022 07:55:12 UTC] PHP Stack trace:
[28-Aug-2022 07:55:12 UTC] PHP   1. {main}() C:\Users\ZAAFANE\Local Sites\monsitewp\app\public\index.php:0
[28-Aug-2022 07:55:12 UTC] PHP   2. require() C:\Users\ZAAFANE\Local Sites\monsitewp\app\public\index.php:17
[28-Aug-2022 07:55:12 UTC] PHP   3. require_once() C:\Users\ZAAFANE\Local Sites\monsitewp\app\public\wp-blog-header.php:13
[28-Aug-2022 07:55:12 UTC] PHP   4. require_once() C:\Users\ZAAFANE\Local Sites\monsitewp\app\public\wp-load.php:50
[28-Aug-2022 07:55:12 UTC] PHP   5. require_once() C:\Users\ZAAFANE\Local Sites\monsitewp\app\public\wp-config.php:91
[28-Aug-2022 07:55:12 UTC] PHP   6. include() C:\Users\ZAAFANE\Local Sites\monsitewp\app\public\wp-settings.php:566
[28-Aug-2022 07:55:12 UTC] PHP Fatal error:  require_once(): Failed opening required 'C:\Users\ZAAFANE\Local Sites\monsitewp\app\public/wp-content/themes/monSiteWP/inc/config.php' (include_path='.:/usr/share/php:/www/wp-content/pear') in C:\Users\ZAAFANE\Local Sites\monsitewp\app\public\wp-content\themes\monSiteWP\functions.php on line 10
[28-Aug-2022 07:55:12 UTC] PHP Stack trace:
[28-Aug-2022 07:55:12 UTC] PHP   1. {main}() C:\Users\ZAAFANE\Local Sites\monsitewp\app\public\index.php:0
[28-Aug-2022 07:55:12 UTC] PHP   2. require() C:\Users\ZAAFANE\Local Sites\monsitewp\app\public\index.php:17
[28-Aug-2022 07:55:12 UTC] PHP   3. require_once() C:\Users\ZAAFANE\Local Sites\monsitewp\app\public\wp-blog-header.php:13
[28-Aug-2022 07:55:12 UTC] PHP   4. require_once() C:\Users\ZAAFANE\Local Sites\monsitewp\app\public\wp-load.php:50
[28-Aug-2022 07:55:12 UTC] PHP   5. require_once() C:\Users\ZAAFANE\Local Sites\monsitewp\app\public\wp-config.php:91
[28-Aug-2022 07:55:12 UTC] PHP   6. include() C:\Users\ZAAFANE\Local Sites\monsitewp\app\public\wp-settings.php:566
[28-Aug-2022 07:55:12 UTC] PHP Warning:  require_once(C:\Users\ZAAFANE\Local Sites\monsitewp\app\public/wp-content/themes/monSiteWP/inc/config.php): failed to open stream: No such file or directory in C:\Users\ZAAFANE\Local Sites\monsitewp\app\public\wp-content\themes\monSiteWP\functions.php on line 10
[28-Aug-2022 07:55:12 UTC] PHP Stack trace:
[28-Aug-2022 07:55:12 UTC] PHP   1. {main}() C:\Users\ZAAFANE\Local Sites\monsitewp\app\public\index.php:0
[28-Aug-2022 07:55:12 UTC] PHP   2. require() C:\Users\ZAAFANE\Local Sites\monsitewp\app\public\index.php:17
[28-Aug-2022 07:55:12 UTC] PHP   3. require_once() C:\Users\ZAAFANE\Local Sites\monsitewp\app\public\wp-blog-header.php:13
[28-Aug-2022 07:55:12 UTC] PHP   4. require_once() C:\Users\ZAAFANE\Local Sites\monsitewp\app\public\wp-load.php:50
[28-Aug-2022 07:55:12 UTC] PHP   5. require_once() C:\Users\ZAAFANE\Local Sites\monsitewp\app\public\wp-config.php:91
[28-Aug-2022 07:55:12 UTC] PHP   6. include() C:\Users\ZAAFANE\Local Sites\monsitewp\app\public\wp-settings.php:566
[28-Aug-2022 07:55:12 UTC] PHP Fatal error:  require_once(): Failed opening required 'C:\Users\ZAAFANE\Local Sites\monsitewp\app\public/wp-content/themes/monSiteWP/inc/config.php' (include_path='.:/usr/share/php:/www/wp-content/pear') in C:\Users\ZAAFANE\Local Sites\monsitewp\app\public\wp-content\themes\monSiteWP\functions.php on line 10
[28-Aug-2022 07:55:12 UTC] PHP Stack trace:
[28-Aug-2022 07:55:12 UTC] PHP   1. {main}() C:\Users\ZAAFANE\Local Sites\monsitewp\app\public\index.php:0
[28-Aug-2022 07:55:12 UTC] PHP   2. require() C:\Users\ZAAFANE\Local Sites\monsitewp\app\public\index.php:17
[28-Aug-2022 07:55:12 UTC] PHP   3. require_once() C:\Users\ZAAFANE\Local Sites\monsitewp\app\public\wp-blog-header.php:13
[28-Aug-2022 07:55:12 UTC] PHP   4. require_once() C:\Users\ZAAFANE\Local Sites\monsitewp\app\public\wp-load.php:50
[28-Aug-2022 07:55:12 UTC] PHP   5. require_once() C:\Users\ZAAFANE\Local Sites\monsitewp\app\public\wp-config.php:91
[28-Aug-2022 07:55:12 UTC] PHP   6. include() C:\Users\ZAAFANE\Local Sites\monsitewp\app\public\wp-settings.php:566
[28-Aug-2022 07:59:45 UTC] PHP Warning:  require_once(C:\Users\ZAAFANE\Local Sites\monsitewp\app\public/wp-content/themes/monSiteWP/inc/config.php): failed to open stream: No such file or directory in C:\Users\ZAAFANE\Local Sites\monsitewp\app\public\wp-content\themes\monSiteWP\functions.php on line 10
[28-Aug-2022 07:59:45 UTC] PHP Stack trace:
[28-Aug-2022 07:59:45 UTC] PHP   1. {main}() C:\Users\ZAAFANE\Local Sites\monsitewp\app\public\index.php:0
[28-Aug-2022 07:59:45 UTC] PHP   2. require() C:\Users\ZAAFANE\Local Sites\monsitewp\app\public\index.php:17
[28-Aug-2022 07:59:45 UTC] PHP   3. require_once() C:\Users\ZAAFANE\Local Sites\monsitewp\app\public\wp-blog-header.php:13
[28-Aug-2022 07:59:45 UTC] PHP   4. require_once() C:\Users\ZAAFANE\Local Sites\monsitewp\app\public\wp-load.php:50
[28-Aug-2022 07:59:45 UTC] PHP   5. require_once() C:\Users\ZAAFANE\Local Sites\monsitewp\app\public\wp-config.php:91
[28-Aug-2022 07:59:45 UTC] PHP   6. include() C:\Users\ZAAFANE\Local Sites\monsitewp\app\public\wp-settings.php:566
[28-Aug-2022 07:59:45 UTC] PHP Fatal error:  require_once(): Failed opening required 'C:\Users\ZAAFANE\Local Sites\monsitewp\app\public/wp-content/themes/monSiteWP/inc/config.php' (include_path='.:/usr/share/php:/www/wp-content/pear') in C:\Users\ZAAFANE\Local Sites\monsitewp\app\public\wp-content\themes\monSiteWP\functions.php on line 10
[28-Aug-2022 07:59:45 UTC] PHP Stack trace:
[28-Aug-2022 07:59:45 UTC] PHP   1. {main}() C:\Users\ZAAFANE\Local Sites\monsitewp\app\public\index.php:0
[28-Aug-2022 07:59:45 UTC] PHP   2. require() C:\Users\ZAAFANE\Local Sites\monsitewp\app\public\index.php:17
[28-Aug-2022 07:59:45 UTC] PHP   3. require_once() C:\Users\ZAAFANE\Local Sites\monsitewp\app\public\wp-blog-header.php:13
[28-Aug-2022 07:59:45 UTC] PHP   4. require_once() C:\Users\ZAAFANE\Local Sites\monsitewp\app\public\wp-load.php:50
[28-Aug-2022 07:59:45 UTC] PHP   5. require_once() C:\Users\ZAAFANE\Local Sites\monsitewp\app\public\wp-config.php:91
[28-Aug-2022 07:59:45 UTC] PHP   6. include() C:\Users\ZAAFANE\Local Sites\monsitewp\app\public\wp-settings.php:566
[28-Aug-2022 07:59:45 UTC] PHP Warning:  require_once(C:\Users\ZAAFANE\Local Sites\monsitewp\app\public/wp-content/themes/monSiteWP/inc/config.php): failed to open stream: No such file or directory in C:\Users\ZAAFANE\Local Sites\monsitewp\app\public\wp-content\themes\monSiteWP\functions.php on line 10
[28-Aug-2022 07:59:45 UTC] PHP Stack trace:
[28-Aug-2022 07:59:45 UTC] PHP   1. {main}() C:\Users\ZAAFANE\Local Sites\monsitewp\app\public\index.php:0
[28-Aug-2022 07:59:45 UTC] PHP   2. require() C:\Users\ZAAFANE\Local Sites\monsitewp\app\public\index.php:17
[28-Aug-2022 07:59:45 UTC] PHP   3. require_once() C:\Users\ZAAFANE\Local Sites\monsitewp\app\public\wp-blog-header.php:13
[28-Aug-2022 07:59:45 UTC] PHP   4. require_once() C:\Users\ZAAFANE\Local Sites\monsitewp\app\public\wp-load.php:50
[28-Aug-2022 07:59:45 UTC] PHP   5. require_once() C:\Users\ZAAFANE\Local Sites\monsitewp\app\public\wp-config.php:91
[28-Aug-2022 07:59:45 UTC] PHP   6. include() C:\Users\ZAAFANE\Local Sites\monsitewp\app\public\wp-settings.php:566
[28-Aug-2022 07:59:45 UTC] PHP Fatal error:  require_once(): Failed opening required 'C:\Users\ZAAFANE\Local Sites\monsitewp\app\public/wp-content/themes/monSiteWP/inc/config.php' (include_path='.:/usr/share/php:/www/wp-content/pear') in C:\Users\ZAAFANE\Local Sites\monsitewp\app\public\wp-content\themes\monSiteWP\functions.php on line 10
[28-Aug-2022 07:59:45 UTC] PHP Stack trace:
[28-Aug-2022 07:59:45 UTC] PHP   1. {main}() C:\Users\ZAAFANE\Local Sites\monsitewp\app\public\index.php:0
[28-Aug-2022 07:59:45 UTC] PHP   2. require() C:\Users\ZAAFANE\Local Sites\monsitewp\app\public\index.php:17
[28-Aug-2022 07:59:45 UTC] PHP   3. require_once() C:\Users\ZAAFANE\Local Sites\monsitewp\app\public\wp-blog-header.php:13
[28-Aug-2022 07:59:45 UTC] PHP   4. require_once() C:\Users\ZAAFANE\Local Sites\monsitewp\app\public\wp-load.php:50
[28-Aug-2022 07:59:45 UTC] PHP   5. require_once() C:\Users\ZAAFANE\Local Sites\monsitewp\app\public\wp-config.php:91
[28-Aug-2022 07:59:45 UTC] PHP   6. include() C:\Users\ZAAFANE\Local Sites\monsitewp\app\public\wp-settings.php:566
[28-Aug-2022 08:00:01 UTC] PHP Warning:  require_once(C:\Users\ZAAFANE\Local Sites\monsitewp\app\public/wp-content/themes/monSiteWP/inc/config.php): failed to open stream: No such file or directory in C:\Users\ZAAFANE\Local Sites\monsitewp\app\public\wp-content\themes\monSiteWP\functions.php on line 10
[28-Aug-2022 08:00:01 UTC] PHP Stack trace:
[28-Aug-2022 08:00:01 UTC] PHP   1. {main}() C:\Users\ZAAFANE\Local Sites\monsitewp\app\public\index.php:0
[28-Aug-2022 08:00:01 UTC] PHP   2. require() C:\Users\ZAAFANE\Local Sites\monsitewp\app\public\index.php:17
[28-Aug-2022 08:00:01 UTC] PHP   3. require_once() C:\Users\ZAAFANE\Local Sites\monsitewp\app\public\wp-blog-header.php:13
[28-Aug-2022 08:00:01 UTC] PHP   4. require_once() C:\Users\ZAAFANE\Local Sites\monsitewp\app\public\wp-load.php:50
[28-Aug-2022 08:00:01 UTC] PHP   5. require_once() C:\Users\ZAAFANE\Local Sites\monsitewp\app\public\wp-config.php:91
[28-Aug-2022 08:00:01 UTC] PHP   6. include() C:\Users\ZAAFANE\Local Sites\monsitewp\app\public\wp-settings.php:566
[28-Aug-2022 08:00:01 UTC] PHP Fatal error:  require_once(): Failed opening required 'C:\Users\ZAAFANE\Local Sites\monsitewp\app\public/wp-content/themes/monSiteWP/inc/config.php' (include_path='.:/usr/share/php:/www/wp-content/pear') in C:\Users\ZAAFANE\Local Sites\monsitewp\app\public\wp-content\themes\monSiteWP\functions.php on line 10
[28-Aug-2022 08:00:01 UTC] PHP Stack trace:
[28-Aug-2022 08:00:01 UTC] PHP   1. {main}() C:\Users\ZAAFANE\Local Sites\monsitewp\app\public\index.php:0
[28-Aug-2022 08:00:01 UTC] PHP   2. require() C:\Users\ZAAFANE\Local Sites\monsitewp\app\public\index.php:17
[28-Aug-2022 08:00:01 UTC] PHP   3. require_once() C:\Users\ZAAFANE\Local Sites\monsitewp\app\public\wp-blog-header.php:13
[28-Aug-2022 08:00:01 UTC] PHP   4. require_once() C:\Users\ZAAFANE\Local Sites\monsitewp\app\public\wp-load.php:50
[28-Aug-2022 08:00:01 UTC] PHP   5. require_once() C:\Users\ZAAFANE\Local Sites\monsitewp\app\public\wp-config.php:91
[28-Aug-2022 08:00:01 UTC] PHP   6. include() C:\Users\ZAAFANE\Local Sites\monsitewp\app\public\wp-settings.php:566
[28-Aug-2022 08:00:02 UTC] PHP Warning:  require_once(C:\Users\ZAAFANE\Local Sites\monsitewp\app\public/wp-content/themes/monSiteWP/inc/config.php): failed to open stream: No such file or directory in C:\Users\ZAAFANE\Local Sites\monsitewp\app\public\wp-content\themes\monSiteWP\functions.php on line 10
[28-Aug-2022 08:00:02 UTC] PHP Stack trace:
[28-Aug-2022 08:00:02 UTC] PHP   1. {main}() C:\Users\ZAAFANE\Local Sites\monsitewp\app\public\index.php:0
[28-Aug-2022 08:00:02 UTC] PHP   2. require() C:\Users\ZAAFANE\Local Sites\monsitewp\app\public\index.php:17
[28-Aug-2022 08:00:02 UTC] PHP   3. require_once() C:\Users\ZAAFANE\Local Sites\monsitewp\app\public\wp-blog-header.php:13
[28-Aug-2022 08:00:02 UTC] PHP   4. require_once() C:\Users\ZAAFANE\Local Sites\monsitewp\app\public\wp-load.php:50
[28-Aug-2022 08:00:02 UTC] PHP   5. require_once() C:\Users\ZAAFANE\Local Sites\monsitewp\app\public\wp-config.php:91
[28-Aug-2022 08:00:02 UTC] PHP   6. include() C:\Users\ZAAFANE\Local Sites\monsitewp\app\public\wp-settings.php:566
[28-Aug-2022 08:00:02 UTC] PHP Fatal error:  require_once(): Failed opening required 'C:\Users\ZAAFANE\Local Sites\monsitewp\app\public/wp-content/themes/monSiteWP/inc/config.php' (include_path='.:/usr/share/php:/www/wp-content/pear') in C:\Users\ZAAFANE\Local Sites\monsitewp\app\public\wp-content\themes\monSiteWP\functions.php on line 10
[28-Aug-2022 08:00:02 UTC] PHP Stack trace:
[28-Aug-2022 08:00:02 UTC] PHP   1. {main}() C:\Users\ZAAFANE\Local Sites\monsitewp\app\public\index.php:0
[28-Aug-2022 08:00:02 UTC] PHP   2. require() C:\Users\ZAAFANE\Local Sites\monsitewp\app\public\index.php:17
[28-Aug-2022 08:00:02 UTC] PHP   3. require_once() C:\Users\ZAAFANE\Local Sites\monsitewp\app\public\wp-blog-header.php:13
[28-Aug-2022 08:00:02 UTC] PHP   4. require_once() C:\Users\ZAAFANE\Local Sites\monsitewp\app\public\wp-load.php:50
[28-Aug-2022 08:00:02 UTC] PHP   5. require_once() C:\Users\ZAAFANE\Local Sites\monsitewp\app\public\wp-config.php:91
[28-Aug-2022 08:00:02 UTC] PHP   6. include() C:\Users\ZAAFANE\Local Sites\monsitewp\app\public\wp-settings.php:566
[28-Aug-2022 08:00:37 UTC] PHP Warning:  require_once(C:\Users\ZAAFANE\Local Sites\monsitewp\app\public/wp-content/themes/monSiteWP/inc/config.php): failed to open stream: No such file or directory in C:\Users\ZAAFANE\Local Sites\monsitewp\app\public\wp-content\themes\monSiteWP\functions.php on line 10
[28-Aug-2022 08:00:37 UTC] PHP Stack trace:
[28-Aug-2022 08:00:37 UTC] PHP   1. {main}() C:\Users\ZAAFANE\Local Sites\monsitewp\app\public\index.php:0
[28-Aug-2022 08:00:37 UTC] PHP   2. require() C:\Users\ZAAFANE\Local Sites\monsitewp\app\public\index.php:17
[28-Aug-2022 08:00:37 UTC] PHP   3. require_once() C:\Users\ZAAFANE\Local Sites\monsitewp\app\public\wp-blog-header.php:13
[28-Aug-2022 08:00:37 UTC] PHP   4. require_once() C:\Users\ZAAFANE\Local Sites\monsitewp\app\public\wp-load.php:50
[28-Aug-2022 08:00:37 UTC] PHP   5. require_once() C:\Users\ZAAFANE\Local Sites\monsitewp\app\public\wp-config.php:91
[28-Aug-2022 08:00:37 UTC] PHP   6. include() C:\Users\ZAAFANE\Local Sites\monsitewp\app\public\wp-settings.php:566
[28-Aug-2022 08:00:37 UTC] PHP Fatal error:  require_once(): Failed opening required 'C:\Users\ZAAFANE\Local Sites\monsitewp\app\public/wp-content/themes/monSiteWP/inc/config.php' (include_path='.:/usr/share/php:/www/wp-content/pear') in C:\Users\ZAAFANE\Local Sites\monsitewp\app\public\wp-content\themes\monSiteWP\functions.php on line 10
[28-Aug-2022 08:00:37 UTC] PHP Stack trace:
[28-Aug-2022 08:00:37 UTC] PHP   1. {main}() C:\Users\ZAAFANE\Local Sites\monsitewp\app\public\index.php:0
[28-Aug-2022 08:00:37 UTC] PHP   2. require() C:\Users\ZAAFANE\Local Sites\monsitewp\app\public\index.php:17
[28-Aug-2022 08:00:37 UTC] PHP   3. require_once() C:\Users\ZAAFANE\Local Sites\monsitewp\app\public\wp-blog-header.php:13
[28-Aug-2022 08:00:37 UTC] PHP   4. require_once() C:\Users\ZAAFANE\Local Sites\monsitewp\app\public\wp-load.php:50
[28-Aug-2022 08:00:37 UTC] PHP   5. require_once() C:\Users\ZAAFANE\Local Sites\monsitewp\app\public\wp-config.php:91
[28-Aug-2022 08:00:37 UTC] PHP   6. include() C:\Users\ZAAFANE\Local Sites\monsitewp\app\public\wp-settings.php:566
[28-Aug-2022 08:00:37 UTC] PHP Warning:  require_once(C:\Users\ZAAFANE\Local Sites\monsitewp\app\public/wp-content/themes/monSiteWP/inc/config.php): failed to open stream: No such file or directory in C:\Users\ZAAFANE\Local Sites\monsitewp\app\public\wp-content\themes\monSiteWP\functions.php on line 10
[28-Aug-2022 08:00:37 UTC] PHP Stack trace:
[28-Aug-2022 08:00:37 UTC] PHP   1. {main}() C:\Users\ZAAFANE\Local Sites\monsitewp\app\public\index.php:0
[28-Aug-2022 08:00:37 UTC] PHP   2. require() C:\Users\ZAAFANE\Local Sites\monsitewp\app\public\index.php:17
[28-Aug-2022 08:00:37 UTC] PHP   3. require_once() C:\Users\ZAAFANE\Local Sites\monsitewp\app\public\wp-blog-header.php:13
[28-Aug-2022 08:00:37 UTC] PHP   4. require_once() C:\Users\ZAAFANE\Local Sites\monsitewp\app\public\wp-load.php:50
[28-Aug-2022 08:00:37 UTC] PHP   5. require_once() C:\Users\ZAAFANE\Local Sites\monsitewp\app\public\wp-config.php:91
[28-Aug-2022 08:00:37 UTC] PHP   6. include() C:\Users\ZAAFANE\Local Sites\monsitewp\app\public\wp-settings.php:566
[28-Aug-2022 08:00:37 UTC] PHP Fatal error:  require_once(): Failed opening required 'C:\Users\ZAAFANE\Local Sites\monsitewp\app\public/wp-content/themes/monSiteWP/inc/config.php' (include_path='.:/usr/share/php:/www/wp-content/pear') in C:\Users\ZAAFANE\Local Sites\monsitewp\app\public\wp-content\themes\monSiteWP\functions.php on line 10
[28-Aug-2022 08:00:37 UTC] PHP Stack trace:
[28-Aug-2022 08:00:37 UTC] PHP   1. {main}() C:\Users\ZAAFANE\Local Sites\monsitewp\app\public\index.php:0
[28-Aug-2022 08:00:37 UTC] PHP   2. require() C:\Users\ZAAFANE\Local Sites\monsitewp\app\public\index.php:17
[28-Aug-2022 08:00:37 UTC] PHP   3. require_once() C:\Users\ZAAFANE\Local Sites\monsitewp\app\public\wp-blog-header.php:13
[28-Aug-2022 08:00:37 UTC] PHP   4. require_once() C:\Users\ZAAFANE\Local Sites\monsitewp\app\public\wp-load.php:50
[28-Aug-2022 08:00:37 UTC] PHP   5. require_once() C:\Users\ZAAFANE\Local Sites\monsitewp\app\public\wp-config.php:91
[28-Aug-2022 08:00:37 UTC] PHP   6. include() C:\Users\ZAAFANE\Local Sites\monsitewp\app\public\wp-settings.php:566
[28-Aug-2022 08:09:46 UTC] PHP Warning:  require_once(C:\Users\ZAAFANE\Local Sites\monsitewp\app\public/wp-content/themes/monSiteWP/inc/config.php): failed to open stream: No such file or directory in C:\Users\ZAAFANE\Local Sites\monsitewp\app\public\wp-content\themes\monSiteWP\functions.php on line 10
[28-Aug-2022 08:09:46 UTC] PHP Stack trace:
[28-Aug-2022 08:09:46 UTC] PHP   1. {main}() C:\Users\ZAAFANE\Local Sites\monsitewp\app\public\index.php:0
[28-Aug-2022 08:09:46 UTC] PHP   2. require() C:\Users\ZAAFANE\Local Sites\monsitewp\app\public\index.php:17
[28-Aug-2022 08:09:46 UTC] PHP   3. require_once() C:\Users\ZAAFANE\Local Sites\monsitewp\app\public\wp-blog-header.php:13
[28-Aug-2022 08:09:46 UTC] PHP   4. require_once() C:\Users\ZAAFANE\Local Sites\monsitewp\app\public\wp-load.php:50
[28-Aug-2022 08:09:46 UTC] PHP   5. require_once() C:\Users\ZAAFANE\Local Sites\monsitewp\app\public\wp-config.php:91
[28-Aug-2022 08:09:46 UTC] PHP   6. include() C:\Users\ZAAFANE\Local Sites\monsitewp\app\public\wp-settings.php:566
[28-Aug-2022 08:09:46 UTC] PHP Fatal error:  require_once(): Failed opening required 'C:\Users\ZAAFANE\Local Sites\monsitewp\app\public/wp-content/themes/monSiteWP/inc/config.php' (include_path='.:/usr/share/php:/www/wp-content/pear') in C:\Users\ZAAFANE\Local Sites\monsitewp\app\public\wp-content\themes\monSiteWP\functions.php on line 10
[28-Aug-2022 08:09:46 UTC] PHP Stack trace:
[28-Aug-2022 08:09:46 UTC] PHP   1. {main}() C:\Users\ZAAFANE\Local Sites\monsitewp\app\public\index.php:0
[28-Aug-2022 08:09:46 UTC] PHP   2. require() C:\Users\ZAAFANE\Local Sites\monsitewp\app\public\index.php:17
[28-Aug-2022 08:09:46 UTC] PHP   3. require_once() C:\Users\ZAAFANE\Local Sites\monsitewp\app\public\wp-blog-header.php:13
[28-Aug-2022 08:09:46 UTC] PHP   4. require_once() C:\Users\ZAAFANE\Local Sites\monsitewp\app\public\wp-load.php:50
[28-Aug-2022 08:09:46 UTC] PHP   5. require_once() C:\Users\ZAAFANE\Local Sites\monsitewp\app\public\wp-config.php:91
[28-Aug-2022 08:09:46 UTC] PHP   6. include() C:\Users\ZAAFANE\Local Sites\monsitewp\app\public\wp-settings.php:566
[28-Aug-2022 08:09:46 UTC] PHP Warning:  require_once(C:\Users\ZAAFANE\Local Sites\monsitewp\app\public/wp-content/themes/monSiteWP/inc/config.php): failed to open stream: No such file or directory in C:\Users\ZAAFANE\Local Sites\monsitewp\app\public\wp-content\themes\monSiteWP\functions.php on line 10
[28-Aug-2022 08:09:46 UTC] PHP Stack trace:
[28-Aug-2022 08:09:46 UTC] PHP   1. {main}() C:\Users\ZAAFANE\Local Sites\monsitewp\app\public\index.php:0
[28-Aug-2022 08:09:46 UTC] PHP   2. require() C:\Users\ZAAFANE\Local Sites\monsitewp\app\public\index.php:17
[28-Aug-2022 08:09:46 UTC] PHP   3. require_once() C:\Users\ZAAFANE\Local Sites\monsitewp\app\public\wp-blog-header.php:13
[28-Aug-2022 08:09:46 UTC] PHP   4. require_once() C:\Users\ZAAFANE\Local Sites\monsitewp\app\public\wp-load.php:50
[28-Aug-2022 08:09:46 UTC] PHP   5. require_once() C:\Users\ZAAFANE\Local Sites\monsitewp\app\public\wp-config.php:91
[28-Aug-2022 08:09:46 UTC] PHP   6. include() C:\Users\ZAAFANE\Local Sites\monsitewp\app\public\wp-settings.php:566
[28-Aug-2022 08:09:46 UTC] PHP Fatal error:  require_once(): Failed opening required 'C:\Users\ZAAFANE\Local Sites\monsitewp\app\public/wp-content/themes/monSiteWP/inc/config.php' (include_path='.:/usr/share/php:/www/wp-content/pear') in C:\Users\ZAAFANE\Local Sites\monsitewp\app\public\wp-content\themes\monSiteWP\functions.php on line 10
[28-Aug-2022 08:09:46 UTC] PHP Stack trace:
[28-Aug-2022 08:09:46 UTC] PHP   1. {main}() C:\Users\ZAAFANE\Local Sites\monsitewp\app\public\index.php:0
[28-Aug-2022 08:09:46 UTC] PHP   2. require() C:\Users\ZAAFANE\Local Sites\monsitewp\app\public\index.php:17
[28-Aug-2022 08:09:46 UTC] PHP   3. require_once() C:\Users\ZAAFANE\Local Sites\monsitewp\app\public\wp-blog-header.php:13
[28-Aug-2022 08:09:46 UTC] PHP   4. require_once() C:\Users\ZAAFANE\Local Sites\monsitewp\app\public\wp-load.php:50
[28-Aug-2022 08:09:46 UTC] PHP   5. require_once() C:\Users\ZAAFANE\Local Sites\monsitewp\app\public\wp-config.php:91
[28-Aug-2022 08:09:46 UTC] PHP   6. include() C:\Users\ZAAFANE\Local Sites\monsitewp\app\public\wp-settings.php:566
[28-Aug-2022 08:09:47 UTC] PHP Warning:  require_once(C:\Users\ZAAFANE\Local Sites\monsitewp\app\public/wp-content/themes/monSiteWP/inc/config.php): failed to open stream: No such file or directory in C:\Users\ZAAFANE\Local Sites\monsitewp\app\public\wp-content\themes\monSiteWP\functions.php on line 10
[28-Aug-2022 08:09:47 UTC] PHP Stack trace:
[28-Aug-2022 08:09:47 UTC] PHP   1. {main}() C:\Users\ZAAFANE\Local Sites\monsitewp\app\public\index.php:0
[28-Aug-2022 08:09:47 UTC] PHP   2. require() C:\Users\ZAAFANE\Local Sites\monsitewp\app\public\index.php:17
[28-Aug-2022 08:09:47 UTC] PHP   3. require_once() C:\Users\ZAAFANE\Local Sites\monsitewp\app\public\wp-blog-header.php:13
[28-Aug-2022 08:09:47 UTC] PHP   4. require_once() C:\Users\ZAAFANE\Local Sites\monsitewp\app\public\wp-load.php:50
[28-Aug-2022 08:09:47 UTC] PHP   5. require_once() C:\Users\ZAAFANE\Local Sites\monsitewp\app\public\wp-config.php:91
[28-Aug-2022 08:09:47 UTC] PHP   6. include() C:\Users\ZAAFANE\Local Sites\monsitewp\app\public\wp-settings.php:566
[28-Aug-2022 08:09:47 UTC] PHP Fatal error:  require_once(): Failed opening required 'C:\Users\ZAAFANE\Local Sites\monsitewp\app\public/wp-content/themes/monSiteWP/inc/config.php' (include_path='.:/usr/share/php:/www/wp-content/pear') in C:\Users\ZAAFANE\Local Sites\monsitewp\app\public\wp-content\themes\monSiteWP\functions.php on line 10
[28-Aug-2022 08:09:47 UTC] PHP Stack trace:
[28-Aug-2022 08:09:47 UTC] PHP   1. {main}() C:\Users\ZAAFANE\Local Sites\monsitewp\app\public\index.php:0
[28-Aug-2022 08:09:47 UTC] PHP   2. require() C:\Users\ZAAFANE\Local Sites\monsitewp\app\public\index.php:17
[28-Aug-2022 08:09:47 UTC] PHP   3. require_once() C:\Users\ZAAFANE\Local Sites\monsitewp\app\public\wp-blog-header.php:13
[28-Aug-2022 08:09:47 UTC] PHP   4. require_once() C:\Users\ZAAFANE\Local Sites\monsitewp\app\public\wp-load.php:50
[28-Aug-2022 08:09:47 UTC] PHP   5. require_once() C:\Users\ZAAFANE\Local Sites\monsitewp\app\public\wp-config.php:91
[28-Aug-2022 08:09:47 UTC] PHP   6. include() C:\Users\ZAAFANE\Local Sites\monsitewp\app\public\wp-settings.php:566
[28-Aug-2022 08:09:47 UTC] PHP Warning:  require_once(C:\Users\ZAAFANE\Local Sites\monsitewp\app\public/wp-content/themes/monSiteWP/inc/config.php): failed to open stream: No such file or directory in C:\Users\ZAAFANE\Local Sites\monsitewp\app\public\wp-content\themes\monSiteWP\functions.php on line 10
[28-Aug-2022 08:09:47 UTC] PHP Stack trace:
[28-Aug-2022 08:09:47 UTC] PHP   1. {main}() C:\Users\ZAAFANE\Local Sites\monsitewp\app\public\index.php:0
[28-Aug-2022 08:09:47 UTC] PHP   2. require() C:\Users\ZAAFANE\Local Sites\monsitewp\app\public\index.php:17
[28-Aug-2022 08:09:47 UTC] PHP   3. require_once() C:\Users\ZAAFANE\Local Sites\monsitewp\app\public\wp-blog-header.php:13
[28-Aug-2022 08:09:47 UTC] PHP   4. require_once() C:\Users\ZAAFANE\Local Sites\monsitewp\app\public\wp-load.php:50
[28-Aug-2022 08:09:47 UTC] PHP   5. require_once() C:\Users\ZAAFANE\Local Sites\monsitewp\app\public\wp-config.php:91
[28-Aug-2022 08:09:47 UTC] PHP   6. include() C:\Users\ZAAFANE\Local Sites\monsitewp\app\public\wp-settings.php:566
[28-Aug-2022 08:09:47 UTC] PHP Fatal error:  require_once(): Failed opening required 'C:\Users\ZAAFANE\Local Sites\monsitewp\app\public/wp-content/themes/monSiteWP/inc/config.php' (include_path='.:/usr/share/php:/www/wp-content/pear') in C:\Users\ZAAFANE\Local Sites\monsitewp\app\public\wp-content\themes\monSiteWP\functions.php on line 10
[28-Aug-2022 08:09:47 UTC] PHP Stack trace:
[28-Aug-2022 08:09:47 UTC] PHP   1. {main}() C:\Users\ZAAFANE\Local Sites\monsitewp\app\public\index.php:0
[28-Aug-2022 08:09:47 UTC] PHP   2. require() C:\Users\ZAAFANE\Local Sites\monsitewp\app\public\index.php:17
[28-Aug-2022 08:09:47 UTC] PHP   3. require_once() C:\Users\ZAAFANE\Local Sites\monsitewp\app\public\wp-blog-header.php:13
[28-Aug-2022 08:09:47 UTC] PHP   4. require_once() C:\Users\ZAAFANE\Local Sites\monsitewp\app\public\wp-load.php:50
[28-Aug-2022 08:09:47 UTC] PHP   5. require_once() C:\Users\ZAAFANE\Local Sites\monsitewp\app\public\wp-config.php:91
[28-Aug-2022 08:09:47 UTC] PHP   6. include() C:\Users\ZAAFANE\Local Sites\monsitewp\app\public\wp-settings.php:566
